# JRE version: Java(TM) SE Runtime Environment (7.0_79-b15) (build 1.7.0_79-b15)
# Java VM: Java HotSpot(TM) 64-Bit Server VM (24.79-b02 mixed mode windows-amd64 compressed oops)
Heap
 PSYoungGen      total 324096K, used 165128K [0x00000000eaa80000, 0x0000000100000000, 0x0000000100000000)
  eden space 301056K, 49% used [0x00000000eaa80000,0x00000000f3bcc1b0,0x00000000fd080000)
  from space 23040K, 70% used [0x00000000fd080000,0x00000000fe076108,0x00000000fe700000)
  to   space 24064K, 0% used [0x00000000fe880000,0x00000000fe880000,0x0000000100000000)
 ParOldGen       total 126976K, used 64620K [0x00000000c0000000, 0x00000000c7c00000, 0x00000000eaa80000)
  object space 126976K, 50% used [0x00000000c0000000,0x00000000c3f1b390,0x00000000c7c00000)
 PSPermGen       total 68608K, used 55318K [0x00000000b0000000, 0x00000000b4300000, 0x00000000c0000000)
  object space 68608K, 80% used [0x00000000b0000000,0x00000000b3605940,0x00000000b4300000)
GC Heap History (10 events):
Event: 12.595 GC heap before
{Heap before GC invocations=30 (full 3):
 PSYoungGen      total 299520K, used 278075K [0x00000000eaa80000, 0x00000000fea00000, 0x0000000100000000)
  eden space 273920K, 100% used [0x00000000eaa80000,0x00000000fb600000,0x00000000fb600000)
  from space 25600K, 16% used [0x00000000fd000000,0x00000000fd40ece8,0x00000000fe900000)
  to   space 26624K, 0% used [0x00000000fb600000,0x00000000fb600000,0x00000000fd000000)
 ParOldGen       total 126976K, used 61504K [0x00000000c0000000, 0x00000000c7c00000, 0x00000000eaa80000)
  object space 126976K, 48% used [0x00000000c0000000,0x00000000c3c10380,0x00000000c7c00000)
 PSPermGen       total 68608K, used 45399K [0x00000000b0000000, 0x00000000b4300000, 0x00000000c0000000)
  object space 68608K, 66% used [0x00000000b0000000,0x00000000b2c55e60,0x00000000b4300000)
Event: 12.625 GC heap after
Heap after GC invocations=30 (full 3):
 PSYoungGen      total 300544K, used 6726K [0x00000000eaa80000, 0x0000000100000000, 0x0000000100000000)
  eden space 273920K, 0% used [0x00000000eaa80000,0x00000000eaa80000,0x00000000fb600000)
  from space 26624K, 25% used [0x00000000fb600000,0x00000000fbc91bd8,0x00000000fd000000)
  to   space 26112K, 0% used [0x00000000fe680000,0x00000000fe680000,0x0000000100000000)
 ParOldGen       total 126976K, used 61504K [0x00000000c0000000, 0x00000000c7c00000, 0x00000000eaa80000)
  object space 126976K, 48% used [0x00000000c0000000,0x00000000c3c10380,0x00000000c7c00000)
 PSPermGen       total 68608K, used 45399K [0x00000000b0000000, 0x00000000b4300000, 0x00000000c0000000)
  object space 68608K, 66% used [0x00000000b0000000,0x00000000b2c55e60,0x00000000b4300000)
}
Event: 13.231 GC heap before
{Heap before GC invocations=31 (full 3):
 PSYoungGen      total 300544K, used 279767K [0x00000000eaa80000, 0x0000000100000000, 0x0000000100000000)
  eden space 273920K, 99% used [0x00000000eaa80000,0x00000000fb524048,0x00000000fb600000)
  from space 26624K, 25% used [0x00000000fb600000,0x00000000fbc91bd8,0x00000000fd000000)
  to   space 26112K, 0% used [0x00000000fe680000,0x00000000fe680000,0x0000000100000000)
 ParOldGen       total 126976K, used 61504K [0x00000000c0000000, 0x00000000c7c00000, 0x00000000eaa80000)
  object space 126976K, 48% used [0x00000000c0000000,0x00000000c3c10380,0x00000000c7c00000)
 PSPermGen       total 68608K, used 47810K [0x00000000b0000000, 0x00000000b4300000, 0x00000000c0000000)
  object space 68608K, 69% used [0x00000000b0000000,0x00000000b2eb0a80,0x00000000b4300000)
Event: 13.299 GC heap after
Heap after GC invocations=31 (full 3):
 PSYoungGen      total 319488K, used 7518K [0x00000000eaa80000, 0x00000000ffc80000, 0x0000000100000000)
  eden space 296960K, 0% used [0x00000000eaa80000,0x00000000eaa80000,0x00000000fcc80000)
  from space 22528K, 33% used [0x00000000fe680000,0x00000000fedd78b8,0x00000000ffc80000)
  to   space 24576K, 0% used [0x00000000fcc80000,0x00000000fcc80000,0x00000000fe480000)
 ParOldGen       total 126976K, used 61504K [0x00000000c0000000, 0x00000000c7c00000, 0x00000000eaa80000)
  object space 126976K, 48% used [0x00000000c0000000,0x00000000c3c10380,0x00000000c7c00000)
 PSPermGen       total 68608K, used 47810K [0x00000000b0000000, 0x00000000b4300000, 0x00000000c0000000)
  object space 68608K, 69% used [0x00000000b0000000,0x00000000b2eb0a80,0x00000000b4300000)
}
Event: 14.272 GC heap before
{Heap before GC invocations=32 (full 3):
 PSYoungGen      total 319488K, used 295460K [0x00000000eaa80000, 0x00000000ffc80000, 0x0000000100000000)
  eden space 296960K, 96% used [0x00000000eaa80000,0x00000000fc3b1858,0x00000000fcc80000)
  from space 22528K, 33% used [0x00000000fe680000,0x00000000fedd78b8,0x00000000ffc80000)
  to   space 24576K, 0% used [0x00000000fcc80000,0x00000000fcc80000,0x00000000fe480000)
 ParOldGen       total 126976K, used 61504K [0x00000000c0000000, 0x00000000c7c00000, 0x00000000eaa80000)
  object space 126976K, 48% used [0x00000000c0000000,0x00000000c3c10380,0x00000000c7c00000)
 PSPermGen       total 68608K, used 49247K [0x00000000b0000000, 0x00000000b4300000, 0x00000000c0000000)
  object space 68608K, 71% used [0x00000000b0000000,0x00000000b3017e40,0x00000000b4300000)
Event: 14.293 GC heap after
Heap after GC invocations=32 (full 3):
 PSYoungGen      total 321536K, used 4704K [0x00000000eaa80000, 0x0000000100000000, 0x0000000100000000)
  eden space 296960K, 0% used [0x00000000eaa80000,0x00000000eaa80000,0x00000000fcc80000)
  from space 24576K, 19% used [0x00000000fcc80000,0x00000000fd118270,0x00000000fe480000)
  to   space 24064K, 0% used [0x00000000fe880000,0x00000000fe880000,0x0000000100000000)
 ParOldGen       total 126976K, used 64012K [0x00000000c0000000, 0x00000000c7c00000, 0x00000000eaa80000)
  object space 126976K, 50% used [0x00000000c0000000,0x00000000c3e83390,0x00000000c7c00000)
 PSPermGen       total 68608K, used 49247K [0x00000000b0000000, 0x00000000b4300000, 0x00000000c0000000)
  object space 68608K, 71% used [0x00000000b0000000,0x00000000b3017e40,0x00000000b4300000)
}
Event: 15.156 GC heap before
{Heap before GC invocations=33 (full 3):
 PSYoungGen      total 321536K, used 301664K [0x00000000eaa80000, 0x0000000100000000, 0x0000000100000000)
  eden space 296960K, 100% used [0x00000000eaa80000,0x00000000fcc80000,0x00000000fcc80000)
  from space 24576K, 19% used [0x00000000fcc80000,0x00000000fd118270,0x00000000fe480000)
  to   space 24064K, 0% used [0x00000000fe880000,0x00000000fe880000,0x0000000100000000)
 ParOldGen       total 126976K, used 64012K [0x00000000c0000000, 0x00000000c7c00000, 0x00000000eaa80000)
  object space 126976K, 50% used [0x00000000c0000000,0x00000000c3e83390,0x00000000c7c00000)
 PSPermGen       total 68608K, used 52300K [0x00000000b0000000, 0x00000000b4300000, 0x00000000c0000000)
  object space 68608K, 76% used [0x00000000b0000000,0x00000000b3313048,0x00000000b4300000)
Event: 15.172 GC heap after
Heap after GC invocations=33 (full 3):
 PSYoungGen      total 322560K, used 8893K [0x00000000eaa80000, 0x00000000ffd80000, 0x0000000100000000)
  eden space 301056K, 0% used [0x00000000eaa80000,0x00000000eaa80000,0x00000000fd080000)
  from space 21504K, 41% used [0x00000000fe880000,0x00000000ff12f6a8,0x00000000ffd80000)
  to   space 23040K, 0% used [0x00000000fd080000,0x00000000fd080000,0x00000000fe700000)
 ParOldGen       total 126976K, used 64620K [0x00000000c0000000, 0x00000000c7c00000, 0x00000000eaa80000)
  object space 126976K, 50% used [0x00000000c0000000,0x00000000c3f1b390,0x00000000c7c00000)
 PSPermGen       total 68608K, used 52300K [0x00000000b0000000, 0x00000000b4300000, 0x00000000c0000000)
  object space 68608K, 76% used [0x00000000b0000000,0x00000000b3313048,0x00000000b4300000)
}
Event: 16.828 GC heap before
{Heap before GC invocations=34 (full 3):
 PSYoungGen      total 322560K, used 309949K [0x00000000eaa80000, 0x00000000ffd80000, 0x0000000100000000)
  eden space 301056K, 100% used [0x00000000eaa80000,0x00000000fd080000,0x00000000fd080000)
  from space 21504K, 41% used [0x00000000fe880000,0x00000000ff12f6a8,0x00000000ffd80000)
  to   space 23040K, 0% used [0x00000000fd080000,0x00000000fd080000,0x00000000fe700000)
 ParOldGen       total 126976K, used 64620K [0x00000000c0000000, 0x00000000c7c00000, 0x00000000eaa80000)
  object space 126976K, 50% used [0x00000000c0000000,0x00000000c3f1b390,0x00000000c7c00000)
 PSPermGen       total 68608K, used 53703K [0x00000000b0000000, 0x00000000b4300000, 0x00000000c0000000)
  object space 68608K, 78% used [0x00000000b0000000,0x00000000b3471e20,0x00000000b4300000)
Event: 16.844 GC heap after
Heap after GC invocations=34 (full 3):
 PSYoungGen      total 324096K, used 16344K [0x00000000eaa80000, 0x0000000100000000, 0x0000000100000000)
  eden space 301056K, 0% used [0x00000000eaa80000,0x00000000eaa80000,0x00000000fd080000)
  from space 23040K, 70% used [0x00000000fd080000,0x00000000fe076108,0x00000000fe700000)
  to   space 24064K, 0% used [0x00000000fe880000,0x00000000fe880000,0x0000000100000000)
 ParOldGen       total 126976K, used 64620K [0x00000000c0000000, 0x00000000c7c00000, 0x00000000eaa80000)
  object space 126976K, 50% used [0x00000000c0000000,0x00000000c3f1b390,0x00000000c7c00000)
 PSPermGen       total 68608K, used 53703K [0x00000000b0000000, 0x00000000b4300000, 0x00000000c0000000)
  object space 68608K, 78% used [0x00000000b0000000,0x00000000b3471e20,0x00000000b4300000)
}

